<?xml version="1.0" encoding="UTF-8"?>
<testsuite name="com.gm2dev.springbootapi.SpringbootapiApplicationTests" tests="1" skipped="0" failures="0" errors="0" timestamp="2025-09-18T14:16:26.576Z" hostname="WT-MBP-" time="0.906">
  <properties/>
  <testcase name="contextLoads()" classname="com.gm2dev.springbootapi.SpringbootapiApplicationTests" time="0.906"/>
  <system-out><![CDATA[11:16:24.030 [Test worker] INFO org.springframework.test.context.support.AnnotationConfigContextLoaderUtils -- Could not detect default configuration classes for test class [com.gm2dev.springbootapi.SpringbootapiApplicationTests]: SpringbootapiApplicationTests does not declare any static, non-private, non-final, nested classes annotated with @Configuration.
11:16:24.180 [Test worker] INFO org.springframework.boot.test.context.SpringBootTestContextBootstrapper -- Found @SpringBootConfiguration com.gm2dev.springbootapi.SpringbootapiApplication for test class com.gm2dev.springbootapi.SpringbootapiApplicationTests

  .   ____          _            __ _ _
 /\\ / ___'_ __ _ _(_)_ __  __ _ \ \ \ \
( ( )\___ | '_ | '_| | '_ \/ _` | \ \ \ \
 \\/  ___)| |_)| | | | | || (_| |  ) ) ) )
  '  |____| .__|_| |_|_| |_\__, | / / / /
 =========|_|==============|___/=/_/_/_/

 :: Spring Boot ::                (v3.5.5)

2025-09-18 11:16:25 - Starting SpringbootapiApplicationTests using Java 24.0.2 with PID 26420 (started by lcarera in /Users/lcarera/IdeaProjects/springbootapi)
2025-09-18 11:16:25 - No active profile set, falling back to 1 default profile: "default"
2025-09-18 11:16:26 - Started SpringbootapiApplicationTests in 2.058 seconds (process running for 3.803)
]]></system-out>
  <system-err><![CDATA[Mockito is currently self-attaching to enable the inline-mock-maker. This will no longer work in future releases of the JDK. Please add Mockito as an agent to your build as described in Mockito's documentation: https://javadoc.io/doc/org.mockito/mockito-core/latest/org.mockito/org/mockito/Mockito.html#0.3
WARNING: A Java agent has been loaded dynamically (/Users/lcarera/.gradle/caches/modules-2/files-2.1/net.bytebuddy/byte-buddy-agent/1.17.7/fbf3d6d649ed37fc9e9c59480a05be0a26e3c2da/byte-buddy-agent-1.17.7.jar)
WARNING: If a serviceability tool is in use, please run with -XX:+EnableDynamicAgentLoading to hide this warning
WARNING: If a serviceability tool is not in use, please run with -Djdk.instrument.traceUsage for more information
WARNING: Dynamic loading of agents will be disallowed by default in a future release
]]></system-err>
</testsuite>
